<?xml version="1.0" encoding="UTF-8"?>
<!DOCTYPE suite SYSTEM "http://testng.org/testng-1.0.dtd">
<suite thread-count="1" name="Suite" parallel="classes">

    <listeners>
        <listener class-name="Utilities.Tasks.CreateTestCaseDetailsTask"/>
    </listeners>

    <test name="Test">
        <packages>
            <package name="Specs.*"/>
        </packages>
    </test>
</suite>
